[debug] [2020-02-24T16:21:42.899Z] ----------------------------------------------------------------------
[debug] [2020-02-24T16:21:42.901Z] Command:       /usr/local/Cellar/node/12.10.0/bin/node /usr/local/bin/firebase serve
[debug] [2020-02-24T16:21:42.901Z] CLI Version:   7.13.1
[debug] [2020-02-24T16:21:42.901Z] Platform:      darwin
[debug] [2020-02-24T16:21:42.901Z] Node Version:  v12.10.0
[debug] [2020-02-24T16:21:42.904Z] Time:          Mon Feb 24 2020 11:21:42 GMT-0500 (Eastern Standard Time)
[debug] [2020-02-24T16:21:42.904Z] ----------------------------------------------------------------------
[debug] [2020-02-24T16:21:42.904Z] 
[debug] [2020-02-24T16:21:42.927Z] > command requires scopes: ["email","openid","https://www.googleapis.com/auth/cloudplatformprojects.readonly","https://www.googleapis.com/auth/firebase","https://www.googleapis.com/auth/cloud-platform"]
[debug] [2020-02-24T16:21:42.933Z] > authorizing via signed-in user
[debug] [2020-02-24T16:21:42.933Z] [iam] checking project resume-site-b6775 for permissions ["firebase.projects.get"]
[debug] [2020-02-24T16:21:42.937Z] >>> HTTP REQUEST POST https://cloudresourcemanager.googleapis.com/v1/projects/resume-site-b6775:testIamPermissions  

[debug] [2020-02-24T16:21:43.352Z] <<< HTTP RESPONSE 200
[debug] [2020-02-24T16:21:43.354Z] >>> HTTP REQUEST GET https://firebase.googleapis.com/v1beta1/projects/resume-site-b6775  
 
[debug] [2020-02-24T16:21:43.657Z] <<< HTTP RESPONSE 200
[info] 
[info] === Serving from '/Users/Jordan/Website/Firebase'...
[info] 
[debug] [2020-02-24T16:21:43.661Z] >>> HTTP REQUEST GET https://firebase.googleapis.com/v1beta1/projects/resume-site-b6775/webApps/-/config  
 
[debug] [2020-02-24T16:21:44.175Z] <<< HTTP RESPONSE 200
[info] i  hosting: Serving hosting files from: public
[info] ✔  hosting: Local server: http://localhost:5000
